# JRE version: Java(TM) SE Runtime Environment (8.0_181-b25) (build 1.8.0_181-b25)
# Java VM: Java HotSpot(TM) 64-Bit Server VM (25.181-b25 mixed mode windows-amd64 compressed oops)
Heap:
 PSYoungGen      total 141312K, used 37550K [0x000000076b700000, 0x0000000775200000, 0x00000007c0000000)
  eden space 129536K, 20% used [0x000000076b700000,0x000000076d107280,0x0000000773580000)
  from space 11776K, 92% used [0x0000000774280000,0x0000000774d24750,0x0000000774e00000)
  to   space 13312K, 0% used [0x0000000773580000,0x0000000773580000,0x0000000774280000)
 ParOldGen       total 111104K, used 9318K [0x00000006c2400000, 0x00000006c9080000, 0x000000076b700000)
  object space 111104K, 8% used [0x00000006c2400000,0x00000006c2d19bb8,0x00000006c9080000)
 Metaspace       used 30737K, capacity 33392K, committed 33584K, reserved 1079296K
  class space    used 4122K, capacity 4586K, committed 4656K, reserved 1048576K
GC Heap History (10 events):
Event: 6.174 GC heap before
{Heap before GC invocations=3 (full 1):
 PSYoungGen      total 75776K, used 9831K [0x000000076b700000, 0x0000000770b80000, 0x00000007c0000000)
  eden space 65024K, 0% used [0x000000076b700000,0x000000076b700000,0x000000076f680000)
  from space 10752K, 91% used [0x0000000770100000,0x0000000770a99de8,0x0000000770b80000)
  to   space 10752K, 0% used [0x000000076f680000,0x000000076f680000,0x0000000770100000)
 ParOldGen       total 173568K, used 24K [0x00000006c2400000, 0x00000006ccd80000, 0x000000076b700000)
  object space 173568K, 0% used [0x00000006c2400000,0x00000006c2406000,0x00000006ccd80000)
 Metaspace       used 20052K, capacity 21226K, committed 21296K, reserved 1067008K
  class space    used 2570K, capacity 2817K, committed 2864K, reserved 1048576K
Event: 6.250 GC heap after
Heap after GC invocations=3 (full 1):
 PSYoungGen      total 75776K, used 0K [0x000000076b700000, 0x0000000770b80000, 0x00000007c0000000)
  eden space 65024K, 0% used [0x000000076b700000,0x000000076b700000,0x000000076f680000)
  from space 10752K, 0% used [0x0000000770100000,0x0000000770100000,0x0000000770b80000)
  to   space 10752K, 0% used [0x000000076f680000,0x000000076f680000,0x0000000770100000)
 ParOldGen       total 111104K, used 9286K [0x00000006c2400000, 0x00000006c9080000, 0x000000076b700000)
  object space 111104K, 8% used [0x00000006c2400000,0x00000006c2d11bb8,0x00000006c9080000)
 Metaspace       used 20052K, capacity 21226K, committed 21296K, reserved 1067008K
  class space    used 2570K, capacity 2817K, committed 2864K, reserved 1048576K
}
Event: 7.813 GC heap before
{Heap before GC invocations=4 (full 1):
 PSYoungGen      total 75776K, used 65024K [0x000000076b700000, 0x0000000770b80000, 0x00000007c0000000)
  eden space 65024K, 100% used [0x000000076b700000,0x000000076f680000,0x000000076f680000)
  from space 10752K, 0% used [0x0000000770100000,0x0000000770100000,0x0000000770b80000)
  to   space 10752K, 0% used [0x000000076f680000,0x000000076f680000,0x0000000770100000)
 ParOldGen       total 111104K, used 9286K [0x00000006c2400000, 0x00000006c9080000, 0x000000076b700000)
  object space 111104K, 8% used [0x00000006c2400000,0x00000006c2d11bb8,0x00000006c9080000)
 Metaspace       used 22546K, capacity 23998K, committed 24368K, reserved 1071104K
  class space    used 2939K, capacity 3257K, committed 3376K, reserved 1048576K
Event: 7.823 GC heap after
Heap after GC invocations=4 (full 1):
 PSYoungGen      total 75776K, used 4764K [0x000000076b700000, 0x0000000772600000, 0x00000007c0000000)
  eden space 65024K, 0% used [0x000000076b700000,0x000000076b700000,0x000000076f680000)
  from space 10752K, 44% used [0x000000076f680000,0x000000076fb27328,0x0000000770100000)
  to   space 10752K, 0% used [0x0000000771b80000,0x0000000771b80000,0x0000000772600000)
 ParOldGen       total 111104K, used 9294K [0x00000006c2400000, 0x00000006c9080000, 0x000000076b700000)
  object space 111104K, 8% used [0x00000006c2400000,0x00000006c2d13bb8,0x00000006c9080000)
 Metaspace       used 22546K, capacity 23998K, committed 24368K, reserved 1071104K
  class space    used 2939K, capacity 3257K, committed 3376K, reserved 1048576K
}
Event: 8.363 GC heap before
{Heap before GC invocations=5 (full 1):
 PSYoungGen      total 75776K, used 69788K [0x000000076b700000, 0x0000000772600000, 0x00000007c0000000)
  eden space 65024K, 100% used [0x000000076b700000,0x000000076f680000,0x000000076f680000)
  from space 10752K, 44% used [0x000000076f680000,0x000000076fb27328,0x0000000770100000)
  to   space 10752K, 0% used [0x0000000771b80000,0x0000000771b80000,0x0000000772600000)
 ParOldGen       total 111104K, used 9294K [0x00000006c2400000, 0x00000006c9080000, 0x000000076b700000)
  object space 111104K, 8% used [0x00000006c2400000,0x00000006c2d13bb8,0x00000006c9080000)
 Metaspace       used 22908K, capacity 24376K, committed 24624K, reserved 1071104K
  class space    used 2964K, capacity 3264K, committed 3376K, reserved 1048576K
Event: 8.370 GC heap after
Heap after GC invocations=5 (full 1):
 PSYoungGen      total 102912K, used 3280K [0x000000076b700000, 0x0000000772780000, 0x00000007c0000000)
  eden space 92160K, 0% used [0x000000076b700000,0x000000076b700000,0x0000000771100000)
  from space 10752K, 30% used [0x0000000771b80000,0x0000000771eb4240,0x0000000772600000)
  to   space 10752K, 0% used [0x0000000771100000,0x0000000771100000,0x0000000771b80000)
 ParOldGen       total 111104K, used 9302K [0x00000006c2400000, 0x00000006c9080000, 0x000000076b700000)
  object space 111104K, 8% used [0x00000006c2400000,0x00000006c2d15bb8,0x00000006c9080000)
 Metaspace       used 22908K, capacity 24376K, committed 24624K, reserved 1071104K
  class space    used 2964K, capacity 3264K, committed 3376K, reserved 1048576K
}
Event: 11.295 GC heap before
{Heap before GC invocations=6 (full 1):
 PSYoungGen      total 102912K, used 95440K [0x000000076b700000, 0x0000000772780000, 0x00000007c0000000)
  eden space 92160K, 100% used [0x000000076b700000,0x0000000771100000,0x0000000771100000)
  from space 10752K, 30% used [0x0000000771b80000,0x0000000771eb4240,0x0000000772600000)
  to   space 10752K, 0% used [0x0000000771100000,0x0000000771100000,0x0000000771b80000)
 ParOldGen       total 111104K, used 9302K [0x00000006c2400000, 0x00000006c9080000, 0x000000076b700000)
  object space 111104K, 8% used [0x00000006c2400000,0x00000006c2d15bb8,0x00000006c9080000)
 Metaspace       used 27060K, capacity 28750K, committed 28976K, reserved 1075200K
  class space    used 3520K, capacity 3843K, committed 3888K, reserved 1048576K
Event: 11.316 GC heap after
Heap after GC invocations=6 (full 1):
 PSYoungGen      total 102912K, used 7862K [0x000000076b700000, 0x0000000774e00000, 0x00000007c0000000)
  eden space 92160K, 0% used [0x000000076b700000,0x000000076b700000,0x0000000771100000)
  from space 10752K, 73% used [0x0000000771100000,0x00000007718ad8d8,0x0000000771b80000)
  to   space 11776K, 0% used [0x0000000774280000,0x0000000774280000,0x0000000774e00000)
 ParOldGen       total 111104K, used 9310K [0x00000006c2400000, 0x00000006c9080000, 0x000000076b700000)
  object space 111104K, 8% used [0x00000006c2400000,0x00000006c2d17bb8,0x00000006c9080000)
 Metaspace       used 27060K, capacity 28750K, committed 28976K, reserved 1075200K
  class space    used 3520K, capacity 3843K, committed 3888K, reserved 1048576K
}
Event: 14.703 GC heap before
{Heap before GC invocations=7 (full 1):
 PSYoungGen      total 102912K, used 100022K [0x000000076b700000, 0x0000000774e00000, 0x00000007c0000000)
  eden space 92160K, 100% used [0x000000076b700000,0x0000000771100000,0x0000000771100000)
  from space 10752K, 73% used [0x0000000771100000,0x00000007718ad8d8,0x0000000771b80000)
  to   space 11776K, 0% used [0x0000000774280000,0x0000000774280000,0x0000000774e00000)
 ParOldGen       total 111104K, used 9310K [0x00000006c2400000, 0x00000006c9080000, 0x000000076b700000)
  object space 111104K, 8% used [0x00000006c2400000,0x00000006c2d17bb8,0x00000006c9080000)
 Metaspace       used 29995K, capacity 32484K, committed 32688K, reserved 1077248K
  class space    used 3999K, capacity 4426K, committed 4528K, reserved 1048576K
Event: 14.739 GC heap after
Heap after GC invocations=7 (full 1):
 PSYoungGen      total 141312K, used 10897K [0x000000076b700000, 0x0000000775200000, 0x00000007c0000000)
  eden space 129536K, 0% used [0x000000076b700000,0x000000076b700000,0x0000000773580000)
  from space 11776K, 92% used [0x0000000774280000,0x0000000774d24750,0x0000000774e00000)
  to   space 13312K, 0% used [0x0000000773580000,0x0000000773580000,0x0000000774280000)
 ParOldGen       total 111104K, used 9318K [0x00000006c2400000, 0x00000006c9080000, 0x000000076b700000)
  object space 111104K, 8% used [0x00000006c2400000,0x00000006c2d19bb8,0x00000006c9080000)
 Metaspace       used 29995K, capacity 32484K, committed 32688K, reserved 1077248K
  class space    used 3999K, capacity 4426K, committed 4528K, reserved 1048576K
}

