# JRE version: Java(TM) SE Runtime Environment (8.0_181-b25) (build 1.8.0_181-b25)
# Java VM: Java HotSpot(TM) 64-Bit Server VM (25.181-b25 mixed mode windows-amd64 compressed oops)
Heap:
 PSYoungGen      total 75776K, used 61112K [0x000000076b700000, 0x0000000772680000, 0x00000007c0000000)
  eden space 65024K, 87% used [0x000000076b700000,0x000000076eeb8aa8,0x000000076f680000)
  from space 10752K, 37% used [0x000000076f680000,0x000000076fa75870,0x0000000770100000)
  to   space 10752K, 0% used [0x0000000771c00000,0x0000000771c00000,0x0000000772680000)
 ParOldGen       total 109568K, used 9254K [0x00000006c2400000, 0x00000006c8f00000, 0x000000076b700000)
  object space 109568K, 8% used [0x00000006c2400000,0x00000006c2d09928,0x00000006c8f00000)
 Metaspace       used 26187K, capacity 28136K, committed 28416K, reserved 1073152K
  class space    used 3428K, capacity 3764K, committed 3840K, reserved 1048576K
GC Heap History (8 events):
Event: 2.015 GC heap before
{Heap before GC invocations=1 (full 0):
 PSYoungGen      total 75776K, used 65024K [0x000000076b700000, 0x0000000770b80000, 0x00000007c0000000)
  eden space 65024K, 100% used [0x000000076b700000,0x000000076f680000,0x000000076f680000)
  from space 10752K, 0% used [0x0000000770100000,0x0000000770100000,0x0000000770b80000)
  to   space 10752K, 0% used [0x000000076f680000,0x000000076f680000,0x0000000770100000)
 ParOldGen       total 173568K, used 0K [0x00000006c2400000, 0x00000006ccd80000, 0x000000076b700000)
  object space 173568K, 0% used [0x00000006c2400000,0x00000006c2400000,0x00000006ccd80000)
 Metaspace       used 14187K, capacity 15198K, committed 15360K, reserved 1062912K
  class space    used 1789K, capacity 2011K, committed 2048K, reserved 1048576K
Event: 2.027 GC heap after
Heap after GC invocations=1 (full 0):
 PSYoungGen      total 75776K, used 8613K [0x000000076b700000, 0x0000000770b80000, 0x00000007c0000000)
  eden space 65024K, 0% used [0x000000076b700000,0x000000076b700000,0x000000076f680000)
  from space 10752K, 80% used [0x000000076f680000,0x000000076fee9528,0x0000000770100000)
  to   space 10752K, 0% used [0x0000000770100000,0x0000000770100000,0x0000000770b80000)
 ParOldGen       total 173568K, used 24K [0x00000006c2400000, 0x00000006ccd80000, 0x000000076b700000)
  object space 173568K, 0% used [0x00000006c2400000,0x00000006c2406000,0x00000006ccd80000)
 Metaspace       used 14187K, capacity 15198K, committed 15360K, reserved 1062912K
  class space    used 1789K, capacity 2011K, committed 2048K, reserved 1048576K
}
Event: 2.694 GC heap before
{Heap before GC invocations=2 (full 0):
 PSYoungGen      total 75776K, used 50732K [0x000000076b700000, 0x0000000770b80000, 0x00000007c0000000)
  eden space 65024K, 64% used [0x000000076b700000,0x000000076e021be8,0x000000076f680000)
  from space 10752K, 80% used [0x000000076f680000,0x000000076fee9528,0x0000000770100000)
  to   space 10752K, 0% used [0x0000000770100000,0x0000000770100000,0x0000000770b80000)
 ParOldGen       total 173568K, used 24K [0x00000006c2400000, 0x00000006ccd80000, 0x000000076b700000)
  object space 173568K, 0% used [0x00000006c2400000,0x00000006c2406000,0x00000006ccd80000)
 Metaspace       used 20067K, capacity 21222K, committed 21248K, reserved 1067008K
  class space    used 2564K, capacity 2815K, committed 2816K, reserved 1048576K
Event: 2.708 GC heap after
Heap after GC invocations=2 (full 0):
 PSYoungGen      total 75776K, used 9787K [0x000000076b700000, 0x0000000770b80000, 0x00000007c0000000)
  eden space 65024K, 0% used [0x000000076b700000,0x000000076b700000,0x000000076f680000)
  from space 10752K, 91% used [0x0000000770100000,0x0000000770a8edd8,0x0000000770b80000)
  to   space 10752K, 0% used [0x000000076f680000,0x000000076f680000,0x0000000770100000)
 ParOldGen       total 173568K, used 32K [0x00000006c2400000, 0x00000006ccd80000, 0x000000076b700000)
  object space 173568K, 0% used [0x00000006c2400000,0x00000006c2408000,0x00000006ccd80000)
 Metaspace       used 20067K, capacity 21222K, committed 21248K, reserved 1067008K
  class space    used 2564K, capacity 2815K, committed 2816K, reserved 1048576K
}
Event: 2.708 GC heap before
{Heap before GC invocations=3 (full 1):
 PSYoungGen      total 75776K, used 9787K [0x000000076b700000, 0x0000000770b80000, 0x00000007c0000000)
  eden space 65024K, 0% used [0x000000076b700000,0x000000076b700000,0x000000076f680000)
  from space 10752K, 91% used [0x0000000770100000,0x0000000770a8edd8,0x0000000770b80000)
  to   space 10752K, 0% used [0x000000076f680000,0x000000076f680000,0x0000000770100000)
 ParOldGen       total 173568K, used 32K [0x00000006c2400000, 0x00000006ccd80000, 0x000000076b700000)
  object space 173568K, 0% used [0x00000006c2400000,0x00000006c2408000,0x00000006ccd80000)
 Metaspace       used 20067K, capacity 21222K, committed 21248K, reserved 1067008K
  class space    used 2564K, capacity 2815K, committed 2816K, reserved 1048576K
Event: 2.747 GC heap after
Heap after GC invocations=3 (full 1):
 PSYoungGen      total 75776K, used 0K [0x000000076b700000, 0x0000000770b80000, 0x00000007c0000000)
  eden space 65024K, 0% used [0x000000076b700000,0x000000076b700000,0x000000076f680000)
  from space 10752K, 0% used [0x0000000770100000,0x0000000770100000,0x0000000770b80000)
  to   space 10752K, 0% used [0x000000076f680000,0x000000076f680000,0x0000000770100000)
 ParOldGen       total 109568K, used 9246K [0x00000006c2400000, 0x00000006c8f00000, 0x000000076b700000)
  object space 109568K, 8% used [0x00000006c2400000,0x00000006c2d07928,0x00000006c8f00000)
 Metaspace       used 20067K, capacity 21222K, committed 21248K, reserved 1067008K
  class space    used 2564K, capacity 2815K, committed 2816K, reserved 1048576K
}
Event: 3.439 GC heap before
{Heap before GC invocations=4 (full 1):
 PSYoungGen      total 75776K, used 65024K [0x000000076b700000, 0x0000000770b80000, 0x00000007c0000000)
  eden space 65024K, 100% used [0x000000076b700000,0x000000076f680000,0x000000076f680000)
  from space 10752K, 0% used [0x0000000770100000,0x0000000770100000,0x0000000770b80000)
  to   space 10752K, 0% used [0x000000076f680000,0x000000076f680000,0x0000000770100000)
 ParOldGen       total 109568K, used 9246K [0x00000006c2400000, 0x00000006c8f00000, 0x000000076b700000)
  object space 109568K, 8% used [0x00000006c2400000,0x00000006c2d07928,0x00000006c8f00000)
 Metaspace       used 22310K, capacity 23712K, committed 24064K, reserved 1071104K
  class space    used 2899K, capacity 3214K, committed 3328K, reserved 1048576K
Event: 3.443 GC heap after
Heap after GC invocations=4 (full 1):
 PSYoungGen      total 75776K, used 4054K [0x000000076b700000, 0x0000000772680000, 0x00000007c0000000)
  eden space 65024K, 0% used [0x000000076b700000,0x000000076b700000,0x000000076f680000)
  from space 10752K, 37% used [0x000000076f680000,0x000000076fa75870,0x0000000770100000)
  to   space 10752K, 0% used [0x0000000771c00000,0x0000000771c00000,0x0000000772680000)
 ParOldGen       total 109568K, used 9254K [0x00000006c2400000, 0x00000006c8f00000, 0x000000076b700000)
  object space 109568K, 8% used [0x00000006c2400000,0x00000006c2d09928,0x00000006c8f00000)
 Metaspace       used 22310K, capacity 23712K, committed 24064K, reserved 1071104K
  class space    used 2899K, capacity 3214K, committed 3328K, reserved 1048576K
}

